debug 2026/04/24 06:30:05 DEBUG:current tag:untagged selectedTags:[0x1afeffc04810]
debug 2026/04/24 06:30:08 DEBUG: highlighted=0, selectedTag=[%!s(*models.TagItem=&{untagged true})] 
debug 2026/04/24 06:30:08 DEBUG: highlighted=0, selectedTag=[%!s(*models.TagItem=&{untagged true})] 
debug 2026/04/24 06:30:12 DEBUG:current tag:untagged selectedTags:[0x1afeffc04810]
debug 2026/04/24 06:30:55 DEBUG:current tag:untagged selectedTags:[0x1afeffc04810 0x1afeff8834d0]
debug 2026/04/24 06:30:56 DEBUG:current tag:untagged selectedTags:[0x1afeffc04810]
debug 2026/04/24 06:30:59 DEBUG:current tag:untagged selectedTags:[0x1afeffc04810 0x1afeff8834d0]
debug 2026/04/24 06:31:02 DEBUG:current tag:untagged selectedTags:[0x1afeffc04810]
debug 2026/04/24 06:31:57 DEBUG:current tag:untagged selectedTags:[%!s(*models.TagItem=&{untagged true})]
debug 2026/04/24 06:32:00 DEBUG:current tag:untagged selectedTags:[]
debug 2026/04/24 06:32:14 DEBUG:current tag:untagged selectedTags:[%!s(*models.TagItem=&{untagged true})]
debug 2026/04/24 06:32:17 DEBUG: highlighted=0, selectedTag=[%!s(*models.TagItem=&{untagged true})] 
debug 2026/04/24 06:32:17 DEBUG: highlighted=0, selectedTag=[%!s(*models.TagItem=&{untagged true})] 
debug 2026/04/24 06:32:29 DEBUG:current tag:untagged selectedTags:[%!s(*models.TagItem=&{untagged true})]
debug 2026/04/24 06:32:50 DEBUG:current tag:untagged selectedTags:[%!s(*models.TagItem=&{untagged true}) %!s(*models.TagItem=&{untagged true})]
debug 2026/04/24 06:33:04 DEBUG:current tag:untagged selectedTags:[%!s(*models.TagItem=&{untagged true})]
debug 2026/04/24 06:44:55 DEBUG:current tag:democracy selectedTags:[%!s(*models.TagItem=&{democracy true})]
debug 2026/04/24 06:44:57 DEBUG: highlighted=0, selectedTag=[%!s(*models.TagItem=&{democracy true}) %!s(*models.TagItem=&{democracy true})] 
debug 2026/04/24 06:44:57 DEBUG: highlighted=0, selectedTag=[%!s(*models.TagItem=&{democracy true}) %!s(*models.TagItem=&{democracy true})] 
debug 2026/04/24 06:44:57 DEBUG: highlighted=0, selectedTag=[%!s(*models.TagItem=&{democracy true}) %!s(*models.TagItem=&{democracy true})] 
debug 2026/04/24 06:44:57 DEBUG: highlighted=0, selectedTag=[%!s(*models.TagItem=&{democracy true}) %!s(*models.TagItem=&{democracy true})] 
debug 2026/04/24 06:44:58 DEBUG: highlighted=0, selectedTag=[%!s(*models.TagItem=&{democracy true}) %!s(*models.TagItem=&{democracy true})] 
debug 2026/04/24 06:44:58 DEBUG: highlighted=0, selectedTag=[%!s(*models.TagItem=&{democracy true}) %!s(*models.TagItem=&{democracy true})] 
debug 2026/04/24 06:44:58 DEBUG: highlighted=0, selectedTag=[%!s(*models.TagItem=&{democracy true}) %!s(*models.TagItem=&{democracy true})] 
debug 2026/04/24 06:44:58 DEBUG: highlighted=0, selectedTag=[%!s(*models.TagItem=&{democracy true}) %!s(*models.TagItem=&{democracy true})] 
debug 2026/04/24 06:44:58 DEBUG: highlighted=0, selectedTag=[%!s(*models.TagItem=&{democracy true}) %!s(*models.TagItem=&{democracy true})] 
debug 2026/04/24 06:44:58 DEBUG: highlighted=0, selectedTag=[%!s(*models.TagItem=&{democracy true}) %!s(*models.TagItem=&{democracy true})] 
debug 2026/04/24 06:46:40 DEBUG:current tag:humannature selectedTags:[%!s(*models.TagItem=&{humannature true})]
debug 2026/04/24 06:46:41 DEBUG: highlighted=0, selectedTag=[%!s(*models.TagItem=&{humannature true}) %!s(*models.TagItem=&{humannature true})] 
debug 2026/04/24 06:46:41 DEBUG: highlighted=0, selectedTag=[%!s(*models.TagItem=&{humannature true}) %!s(*models.TagItem=&{humannature true})] 
debug 2026/04/24 06:46:51 DEBUG:current tag:tao selectedTags:[%!s(*models.TagItem=&{humannature true}) %!s(*models.TagItem=&{humannature true}) %!s(*models.TagItem=&{tao true})]
debug 2026/04/24 06:46:51 DEBUG:current tag:tao selectedTags:[%!s(*models.TagItem=&{humannature true}) %!s(*models.TagItem=&{humannature true})]
debug 2026/04/24 06:46:52 DEBUG:current tag:tao selectedTags:[%!s(*models.TagItem=&{humannature true}) %!s(*models.TagItem=&{humannature true}) %!s(*models.TagItem=&{tao true})]
debug 2026/04/24 06:47:03 DEBUG:current tag:tao selectedTags:[%!s(*models.TagItem=&{humannature true}) %!s(*models.TagItem=&{humannature true})]
debug 2026/04/24 06:48:05 DEBUG:current tag:fyodor selectedTags:[%!s(*models.TagItem=&{fyodor true})]
debug 2026/04/24 06:48:07 DEBUG: highlighted=0, selectedTag=[] 
debug 2026/04/24 06:48:07 DEBUG: highlighted=0, selectedTag=[] 
debug 2026/04/24 06:48:53 DEBUG:current tag:orhto selectedTags:[%!s(*models.TagItem=&{orhto true})]
debug 2026/04/24 06:48:58 DEBUG: highlighted=0, selectedTag=[] 
debug 2026/04/24 06:48:58 DEBUG: highlighted=0, selectedTag=[] 
debug 2026/04/24 06:49:02 DEBUG:current tag:orhto selectedTags:[]
debug 2026/04/24 06:49:04 DEBUG:current tag:northo selectedTags:[%!s(*models.TagItem=&{northo true})]
debug 2026/04/24 06:49:04 DEBUG:current tag:northo selectedTags:[]
debug 2026/04/24 06:49:06 DEBUG:current tag:northo selectedTags:[%!s(*models.TagItem=&{northo true})]
debug 2026/04/24 06:49:07 DEBUG: highlighted=0, selectedTag=[] 
debug 2026/04/24 06:49:07 DEBUG: highlighted=0, selectedTag=[] 
debug 2026/04/24 06:49:09 DEBUG:current tag:northo selectedTags:[]
debug 2026/04/24 06:49:10 DEBUG:current tag:northo selectedTags:[%!s(*models.TagItem=&{northo true})]
debug 2026/04/24 06:49:12 DEBUG: highlighted=0, selectedTag=[] 
debug 2026/04/24 06:49:12 DEBUG: highlighted=0, selectedTag=[] 
debug 2026/04/24 06:49:16 DEBUG: highlighted=0, selectedTag=[] 
debug 2026/04/24 06:49:16 DEBUG: highlighted=0, selectedTag=[] 
debug 2026/04/24 06:49:16 DEBUG: highlighted=0, selectedTag=[] 
debug 2026/04/24 06:49:16 DEBUG: highlighted=0, selectedTag=[] 
debug 2026/04/24 06:49:21 DEBUG:current tag:roads selectedTags:[%!s(*models.TagItem=&{roads true})]
debug 2026/04/24 06:49:22 DEBUG: highlighted=0, selectedTag=[] 
debug 2026/04/24 06:49:22 DEBUG: highlighted=0, selectedTag=[] 
debug 2026/04/24 06:49:26 DEBUG:current tag:kingodm selectedTags:[%!s(*models.TagItem=&{kingodm true})]
debug 2026/04/24 06:49:29 DEBUG: highlighted=0, selectedTag=[] 
debug 2026/04/24 06:49:29 DEBUG: highlighted=0, selectedTag=[] 
debug 2026/04/24 06:49:33 DEBUG:current tag:kingodm selectedTags:[]
debug 2026/04/24 06:49:33 DEBUG:current tag:newking selectedTags:[%!s(*models.TagItem=&{newking true})]
debug 2026/04/24 06:49:38 DEBUG:current tag:newking selectedTags:[]
debug 2026/04/24 06:49:38 DEBUG:current tag:newking selectedTags:[%!s(*models.TagItem=&{newking true})]
debug 2026/04/24 06:49:40 DEBUG:current tag:newking selectedTags:[]
debug 2026/04/24 06:49:41 DEBUG:current tag:kingodm selectedTags:[%!s(*models.TagItem=&{kingodm true})]
debug 2026/04/24 06:49:42 DEBUG: highlighted=0, selectedTag=[] 
debug 2026/04/24 06:49:42 DEBUG: highlighted=0, selectedTag=[] 
debug 2026/04/24 06:49:43 DEBUG: highlighted=0, selectedTag=[] 
debug 2026/04/24 06:49:43 DEBUG: highlighted=0, selectedTag=[] 
debug 2026/04/24 06:49:55 DEBUG:current tag:everlasting selectedTags:[%!s(*models.TagItem=&{everlasting true})]
debug 2026/04/24 06:49:59 DEBUG: highlighted=0, selectedTag=[] 
debug 2026/04/24 06:49:59 DEBUG: highlighted=0, selectedTag=[] 
debug 2026/04/24 06:50:05 DEBUG:current tag:everlast3 selectedTags:[%!s(*models.TagItem=&{everlasting true}) %!s(*models.TagItem=&{everlasting true}) %!s(*models.TagItem=&{everlast3 true})]
debug 2026/04/24 06:50:05 DEBUG:current tag:everlast3 selectedTags:[%!s(*models.TagItem=&{everlasting true}) %!s(*models.TagItem=&{everlasting true})]
debug 2026/04/24 06:50:06 DEBUG:current tag:everlasting selectedTags:[]
debug 2026/04/24 06:50:07 DEBUG:current tag:everlast3 selectedTags:[%!s(*models.TagItem=&{everlast3 true})]
debug 2026/04/24 06:50:24 DEBUG:current tag:everlast3 selectedTags:[]
debug 2026/04/24 06:50:25 DEBUG:current tag:everlasting selectedTags:[%!s(*models.TagItem=&{everlasting true})]
debug 2026/04/24 06:50:27 DEBUG: highlighted=0, selectedTag=[] 
debug 2026/04/24 06:50:27 DEBUG: highlighted=0, selectedTag=[] 
debug 2026/04/24 06:50:28 DEBUG: highlighted=0, selectedTag=[] 
debug 2026/04/24 06:50:28 DEBUG: highlighted=0, selectedTag=[] 
debug 2026/04/24 06:50:38 DEBUG:current tag:tao selectedTags:[%!s(*models.TagItem=&{tao true})]
debug 2026/04/24 06:50:41 DEBUG: highlighted=0, selectedTag=[] 
debug 2026/04/24 06:50:41 DEBUG: highlighted=0, selectedTag=[] 
debug 2026/04/24 06:50:44 DEBUG:current tag:tao selectedTags:[]
debug 2026/04/24 06:50:46 DEBUG:current tag:taonew selectedTags:[%!s(*models.TagItem=&{taonew true})]
debug 2026/04/24 06:50:47 DEBUG:current tag:taonew selectedTags:[]
debug 2026/04/24 06:50:47 DEBUG:current tag:taonew selectedTags:[%!s(*models.TagItem=&{taonew true})]
debug 2026/04/24 06:50:53 DEBUG: highlighted=0, selectedTag=[] 
debug 2026/04/24 06:50:53 DEBUG: highlighted=0, selectedTag=[] 
debug 2026/04/24 06:50:54 DEBUG: highlighted=0, selectedTag=[] 
debug 2026/04/24 06:50:54 DEBUG: highlighted=0, selectedTag=[] 
debug 2026/04/24 06:50:54 DEBUG: highlighted=0, selectedTag=[] 
debug 2026/04/24 06:50:54 DEBUG: highlighted=0, selectedTag=[] 
debug 2026/04/24 10:16:25 DEBUG:current tag:untagged selectedTags:[%!s(*models.TagItem=&{untagged true})]
debug 2026/04/24 10:16:25 DEBUG:current tag:untagged selectedTags:[]
debug 2026/04/24 10:16:26 DEBUG:current tag:untagged selectedTags:[%!s(*models.TagItem=&{untagged true})]
debug 2026/04/24 10:16:26 DEBUG:current tag:demons selectedTags:[%!s(*models.TagItem=&{untagged true}) %!s(*models.TagItem=&{demons true})]
debug 2026/04/24 10:16:27 DEBUG:current tag:demons selectedTags:[%!s(*models.TagItem=&{untagged true})]
debug 2026/04/24 10:16:28 DEBUG:current tag:untagged selectedTags:[]
debug 2026/04/24 10:16:28 DEBUG:current tag:demons selectedTags:[%!s(*models.TagItem=&{demons true})]
debug 2026/04/24 10:16:29 DEBUG:current tag:demons selectedTags:[]
debug 2026/04/24 10:16:30 DEBUG:current tag:heretics selectedTags:[%!s(*models.TagItem=&{heretics true})]
debug 2026/04/24 10:16:30 DEBUG:current tag:heretics selectedTags:[]
debug 2026/04/24 10:16:31 DEBUG:current tag:treatis selectedTags:[%!s(*models.TagItem=&{treatis true})]
debug 2026/04/24 10:16:32 DEBUG:current tag:treatis selectedTags:[]
debug 2026/04/24 10:16:32 DEBUG:current tag:treatis selectedTags:[%!s(*models.TagItem=&{treatis true})]
debug 2026/04/24 10:16:33 DEBUG:current tag:treatis selectedTags:[]
debug 2026/04/24 10:16:33 DEBUG:current tag:treatis selectedTags:[%!s(*models.TagItem=&{treatis true})]
debug 2026/04/24 10:16:36 DEBUG:current tag:treatis selectedTags:[]
debug 2026/04/24 10:16:36 DEBUG:current tag:commi selectedTags:[%!s(*models.TagItem=&{commi true})]
debug 2026/04/24 10:16:37 DEBUG:current tag:commi selectedTags:[]
debug 2026/04/24 10:16:37 DEBUG:current tag:religion selectedTags:[%!s(*models.TagItem=&{religion true})]
debug 2026/04/24 10:16:40 DEBUG:current tag:religion selectedTags:[]
debug 2026/04/24 10:16:41 DEBUG:current tag:demons selectedTags:[%!s(*models.TagItem=&{demons true})]
debug 2026/04/24 10:16:41 DEBUG:current tag:demons selectedTags:[]
debug 2026/04/24 10:16:42 DEBUG:current tag:heretics selectedTags:[%!s(*models.TagItem=&{heretics true})]
debug 2026/04/24 10:16:43 DEBUG:current tag:heretics selectedTags:[]
debug 2026/04/24 10:16:46 DEBUG:current tag:treatis selectedTags:[%!s(*models.TagItem=&{treatis true})]
debug 2026/04/24 10:16:47 DEBUG:current tag:treatis selectedTags:[]
debug 2026/04/24 10:16:47 DEBUG:current tag:commi selectedTags:[%!s(*models.TagItem=&{commi true})]
debug 2026/04/24 10:16:48 DEBUG:current tag:commi selectedTags:[]
debug 2026/04/24 10:16:50 DEBUG:current tag:untagged selectedTags:[%!s(*models.TagItem=&{untagged true})]
debug 2026/04/24 10:16:56 DEBUG: highlighted=3, selectedTag=[] 
debug 2026/04/24 10:16:56 DEBUG: highlighted=3, selectedTag=[] 
debug 2026/04/24 10:17:00 DEBUG: highlighted=3, selectedTag=[] 
debug 2026/04/24 10:17:00 DEBUG: highlighted=3, selectedTag=[] 
debug 2026/04/24 10:17:03 DEBUG:current tag:untagged selectedTags:[]
debug 2026/04/24 10:17:04 DEBUG:current tag:democracy selectedTags:[%!s(*models.TagItem=&{democracy true})]
debug 2026/04/24 10:17:05 DEBUG:current tag:religion selectedTags:[%!s(*models.TagItem=&{democracy true}) %!s(*models.TagItem=&{religion true})]
debug 2026/04/24 10:17:13 DEBUG:current tag:religion selectedTags:[%!s(*models.TagItem=&{democracy true})]
debug 2026/04/24 10:17:14 DEBUG:current tag:democracy selectedTags:[]
debug 2026/04/24 10:17:20 DEBUG:current tag:democracy selectedTags:[%!s(*models.TagItem=&{democracy true})]
debug 2026/04/24 10:17:23 DEBUG: highlighted=0, selectedTag=[] 
debug 2026/04/24 10:17:23 DEBUG: highlighted=0, selectedTag=[] 
