(tea.WindowSizeMsg) {
 Width: (int) 193,
 Height: (int) 42
}
(tea.KeyMsg) l
(tea.KeyMsg) l
(tea.KeyMsg) l
(tea.KeyMsg) l
(tea.KeyMsg) l
(tea.KeyMsg) l
(tea.KeyMsg) l
(tea.KeyMsg) l
(tea.KeyMsg) l
(tea.KeyMsg) l
(tea.KeyMsg) l
(tea.KeyMsg) l
(tea.KeyMsg) l
(tea.KeyMsg) l
(tea.KeyMsg) l
(tea.KeyMsg) l
(tea.KeyMsg) l
(tea.KeyMsg) l
(tea.KeyMsg) l
(tea.KeyMsg) l
(tea.KeyMsg) l
(tea.KeyMsg) l
(tea.KeyMsg) l
(tea.KeyMsg) l
(tea.KeyMsg) l
(tea.KeyMsg) h
(tea.KeyMsg) h
(tea.KeyMsg) h
(tea.KeyMsg) h
(tea.KeyMsg) h
(tea.KeyMsg) h
(tea.KeyMsg) h
(tea.KeyMsg) h
(tea.KeyMsg) h
(tea.KeyMsg) h
(tea.KeyMsg) h
(tea.KeyMsg) h
(tea.KeyMsg) h
(tea.KeyMsg) h
(tea.KeyMsg) h
(tea.KeyMsg) h
(tea.KeyMsg) h
(tea.KeyMsg) h
(tea.KeyMsg)  
(tea.KeyMsg) e
(tea.KeyMsg) d
(models.TagsUpdatedMsg) {
 NewTags: ([]string) (len=1 cap=1) {
  (string) (len=8) "untagged"
 },
 filename: (string) ""
}
(models.TagsUpdatedMsg) {
 NewTags: ([]string) (len=1 cap=1) {
  (string) (len=8) "untagged"
 },
 filename: (string) ""
}
(tea.KeyMsg) esc
(models.ExitTagViewMsg) {
 Message: (string) (len=4) "Exit"
}
(models.ExitTagViewMsg) {
 Message: (string) (len=4) "Exit"
}
(tea.KeyMsg) l
(tea.KeyMsg) h
(tea.KeyMsg)  
(tea.KeyMsg)  
(tea.KeyMsg) l
(tea.KeyMsg) l
(tea.KeyMsg) l
(tea.KeyMsg) l
(tea.KeyMsg) l
(tea.KeyMsg) l
(tea.KeyMsg) l
(tea.KeyMsg) l
(tea.KeyMsg) l
(tea.KeyMsg) l
(tea.KeyMsg) l
(tea.KeyMsg) l
(tea.KeyMsg) l
(tea.KeyMsg) l
(tea.KeyMsg) l
(tea.KeyMsg) l
(tea.KeyMsg) l
(tea.KeyMsg) l
(tea.KeyMsg) l
(tea.KeyMsg) l
(tea.KeyMsg) l
(tea.KeyMsg) l
(tea.KeyMsg) l
(tea.KeyMsg) l
(tea.KeyMsg) q
(tea.KeyMsg) esc
